<?xml version="1.0" encoding="UTF-8"?>
<testng-results skipped="0" failed="0" ignored="0" total="2" passed="2">
  <reporter-output>
  </reporter-output>
  <suite name="Suite" duration-ms="28964" started-at="2020-12-20T10:46:03Z" finished-at="2020-12-20T10:46:32Z">
    <groups>
    </groups>
    <test name="Test" duration-ms="28964" started-at="2020-12-20T10:46:03Z" finished-at="2020-12-20T10:46:32Z">
      <class name="com.OrangeHRM.Drag_and_Drop">
        <test-method status="PASS" signature="DragDrop()[pri:0, instance:com.OrangeHRM.Drag_and_Drop@4b9e13df]" name="DragDrop" duration-ms="19244" started-at="2020-12-20T16:16:03Z" finished-at="2020-12-20T16:16:22Z">
          <reporter-output>
          </reporter-output>
        </test-method> <!-- DragDrop -->
      </class> <!-- com.OrangeHRM.Drag_and_Drop -->
      <class name="com.OrangeHRM.Double_Click_Example">
        <test-method status="PASS" signature="DoubleClick()[pri:0, instance:com.OrangeHRM.Double_Click_Example@1d057a39]" name="DoubleClick" duration-ms="9690" started-at="2020-12-20T16:16:22Z" finished-at="2020-12-20T16:16:32Z">
          <reporter-output>
          </reporter-output>
        </test-method> <!-- DoubleClick -->
      </class> <!-- com.OrangeHRM.Double_Click_Example -->
    </test> <!-- Test -->
  </suite> <!-- Suite -->
</testng-results>
